# JRE version: Java(TM) SE Runtime Environment (8.0_271-b09) (build 1.8.0_271-b09)
# Java VM: Java HotSpot(TM) 64-Bit Server VM (25.271-b09 mixed mode windows-amd64 compressed oops)
Heap:
 PSYoungGen      total 173568K, used 19442K [0x00000000d5e00000, 0x00000000e3c00000, 0x0000000100000000)
  eden space 163328K, 5% used [0x00000000d5e00000,0x00000000d66ff860,0x00000000dfd80000)
  from space 10240K, 99% used [0x00000000dfd80000,0x00000000e077d020,0x00000000e0780000)
  to   space 12800K, 0% used [0x00000000e2f80000,0x00000000e2f80000,0x00000000e3c00000)
 ParOldGen       total 89600K, used 17550K [0x0000000081a00000, 0x0000000087180000, 0x00000000d5e00000)
  object space 89600K, 19% used [0x0000000081a00000,0x0000000082b238e8,0x0000000087180000)
 Metaspace       used 45230K, capacity 47748K, committed 48040K, reserved 1091584K
  class space    used 6256K, capacity 6746K, committed 6824K, reserved 1048576K
GC Heap History (10 events):
Event: 3.055 GC heap before
{Heap before GC invocations=7 (full 1):
 PSYoungGen      total 71680K, used 66511K [0x00000000d5e00000, 0x00000000df100000, 0x0000000100000000)
  eden space 66560K, 99% used [0x00000000d5e00000,0x00000000d9ef3c10,0x00000000d9f00000)
  from space 5120K, 0% used [0x00000000d9f00000,0x00000000d9f00000,0x00000000da400000)
  to   space 8704K, 0% used [0x00000000de880000,0x00000000de880000,0x00000000df100000)
 ParOldGen       total 56320K, used 7278K [0x0000000081a00000, 0x0000000085100000, 0x00000000d5e00000)
  object space 56320K, 12% used [0x0000000081a00000,0x000000008211b988,0x0000000085100000)
 Metaspace       used 22610K, capacity 24178K, committed 24320K, reserved 1071104K
  class space    used 2964K, capacity 3264K, committed 3328K, reserved 1048576K
Event: 3.061 GC heap after
Heap after GC invocations=7 (full 1):
 PSYoungGen      total 110592K, used 4359K [0x00000000d5e00000, 0x00000000ded00000, 0x0000000100000000)
  eden space 105984K, 0% used [0x00000000d5e00000,0x00000000d5e00000,0x00000000dc580000)
  from space 4608K, 94% used [0x00000000de880000,0x00000000decc1c58,0x00000000ded00000)
  to   space 8704K, 0% used [0x00000000ddc00000,0x00000000ddc00000,0x00000000de480000)
 ParOldGen       total 56320K, used 7278K [0x0000000081a00000, 0x0000000085100000, 0x00000000d5e00000)
  object space 56320K, 12% used [0x0000000081a00000,0x000000008211b988,0x0000000085100000)
 Metaspace       used 22610K, capacity 24178K, committed 24320K, reserved 1071104K
  class space    used 2964K, capacity 3264K, committed 3328K, reserved 1048576K
}
Event: 4.041 GC heap before
{Heap before GC invocations=8 (full 1):
 PSYoungGen      total 110592K, used 110343K [0x00000000d5e00000, 0x00000000ded00000, 0x0000000100000000)
  eden space 105984K, 100% used [0x00000000d5e00000,0x00000000dc580000,0x00000000dc580000)
  from space 4608K, 94% used [0x00000000de880000,0x00000000decc1c58,0x00000000ded00000)
  to   space 8704K, 0% used [0x00000000ddc00000,0x00000000ddc00000,0x00000000de480000)
 ParOldGen       total 56320K, used 7278K [0x0000000081a00000, 0x0000000085100000, 0x00000000d5e00000)
  object space 56320K, 12% used [0x0000000081a00000,0x000000008211b988,0x0000000085100000)
 Metaspace       used 27687K, capacity 29886K, committed 30080K, reserved 1075200K
  class space    used 3708K, capacity 4126K, committed 4224K, reserved 1048576K
Event: 4.050 GC heap after
Heap after GC invocations=8 (full 1):
 PSYoungGen      total 137728K, used 7862K [0x00000000d5e00000, 0x00000000e1080000, 0x0000000100000000)
  eden space 129024K, 0% used [0x00000000d5e00000,0x00000000d5e00000,0x00000000ddc00000)
  from space 8704K, 90% used [0x00000000ddc00000,0x00000000de3adb48,0x00000000de480000)
  to   space 9216K, 0% used [0x00000000e0780000,0x00000000e0780000,0x00000000e1080000)
 ParOldGen       total 56320K, used 7286K [0x0000000081a00000, 0x0000000085100000, 0x00000000d5e00000)
  object space 56320K, 12% used [0x0000000081a00000,0x000000008211d988,0x0000000085100000)
 Metaspace       used 27687K, capacity 29886K, committed 30080K, reserved 1075200K
  class space    used 3708K, capacity 4126K, committed 4224K, reserved 1048576K
}
Event: 4.999 GC heap before
{Heap before GC invocations=9 (full 1):
 PSYoungGen      total 137728K, used 81143K [0x00000000d5e00000, 0x00000000e1080000, 0x0000000100000000)
  eden space 129024K, 56% used [0x00000000d5e00000,0x00000000da590490,0x00000000ddc00000)
  from space 8704K, 90% used [0x00000000ddc00000,0x00000000de3adb48,0x00000000de480000)
  to   space 9216K, 0% used [0x00000000e0780000,0x00000000e0780000,0x00000000e1080000)
 ParOldGen       total 56320K, used 7286K [0x0000000081a00000, 0x0000000085100000, 0x00000000d5e00000)
  object space 56320K, 12% used [0x0000000081a00000,0x000000008211d988,0x0000000085100000)
 Metaspace       used 33170K, capacity 35446K, committed 35496K, reserved 1079296K
  class space    used 4590K, capacity 5022K, committed 5032K, reserved 1048576K
Event: 5.009 GC heap after
Heap after GC invocations=9 (full 1):
 PSYoungGen      total 172544K, used 9188K [0x00000000d5e00000, 0x00000000e3180000, 0x0000000100000000)
  eden space 163328K, 0% used [0x00000000d5e00000,0x00000000d5e00000,0x00000000dfd80000)
  from space 9216K, 99% used [0x00000000e0780000,0x00000000e10793d8,0x00000000e1080000)
  to   space 10240K, 0% used [0x00000000dfd80000,0x00000000dfd80000,0x00000000e0780000)
 ParOldGen       total 56320K, used 7362K [0x0000000081a00000, 0x0000000085100000, 0x00000000d5e00000)
  object space 56320K, 13% used [0x0000000081a00000,0x0000000082130bc0,0x0000000085100000)
 Metaspace       used 33170K, capacity 35446K, committed 35496K, reserved 1079296K
  class space    used 4590K, capacity 5022K, committed 5032K, reserved 1048576K
}
Event: 5.009 GC heap before
{Heap before GC invocations=10 (full 2):
 PSYoungGen      total 172544K, used 9188K [0x00000000d5e00000, 0x00000000e3180000, 0x0000000100000000)
  eden space 163328K, 0% used [0x00000000d5e00000,0x00000000d5e00000,0x00000000dfd80000)
  from space 9216K, 99% used [0x00000000e0780000,0x00000000e10793d8,0x00000000e1080000)
  to   space 10240K, 0% used [0x00000000dfd80000,0x00000000dfd80000,0x00000000e0780000)
 ParOldGen       total 56320K, used 7362K [0x0000000081a00000, 0x0000000085100000, 0x00000000d5e00000)
  object space 56320K, 13% used [0x0000000081a00000,0x0000000082130bc0,0x0000000085100000)
 Metaspace       used 33170K, capacity 35446K, committed 35496K, reserved 1079296K
  class space    used 4590K, capacity 5022K, committed 5032K, reserved 1048576K
Event: 5.079 GC heap after
Heap after GC invocations=10 (full 2):
 PSYoungGen      total 172544K, used 0K [0x00000000d5e00000, 0x00000000e3180000, 0x0000000100000000)
  eden space 163328K, 0% used [0x00000000d5e00000,0x00000000d5e00000,0x00000000dfd80000)
  from space 9216K, 0% used [0x00000000e0780000,0x00000000e0780000,0x00000000e1080000)
  to   space 10240K, 0% used [0x00000000dfd80000,0x00000000dfd80000,0x00000000e0780000)
 ParOldGen       total 89600K, used 13973K [0x0000000081a00000, 0x0000000087180000, 0x00000000d5e00000)
  object space 89600K, 15% used [0x0000000081a00000,0x00000000827a5648,0x0000000087180000)
 Metaspace       used 33170K, capacity 35446K, committed 35496K, reserved 1079296K
  class space    used 4590K, capacity 5022K, committed 5032K, reserved 1048576K
}
Event: 7.613 GC heap before
{Heap before GC invocations=11 (full 2):
 PSYoungGen      total 172544K, used 163328K [0x00000000d5e00000, 0x00000000e3180000, 0x0000000100000000)
  eden space 163328K, 100% used [0x00000000d5e00000,0x00000000dfd80000,0x00000000dfd80000)
  from space 9216K, 0% used [0x00000000e0780000,0x00000000e0780000,0x00000000e1080000)
  to   space 10240K, 0% used [0x00000000dfd80000,0x00000000dfd80000,0x00000000e0780000)
 ParOldGen       total 89600K, used 13973K [0x0000000081a00000, 0x0000000087180000, 0x00000000d5e00000)
  object space 89600K, 15% used [0x0000000081a00000,0x00000000827a5648,0x0000000087180000)
 Metaspace       used 44962K, capacity 47448K, committed 47784K, reserved 1089536K
  class space    used 6236K, capacity 6710K, committed 6824K, reserved 1048576K
Event: 7.629 GC heap after
Heap after GC invocations=11 (full 2):
 PSYoungGen      total 173568K, used 10228K [0x00000000d5e00000, 0x00000000e3c00000, 0x0000000100000000)
  eden space 163328K, 0% used [0x00000000d5e00000,0x00000000d5e00000,0x00000000dfd80000)
  from space 10240K, 99% used [0x00000000dfd80000,0x00000000e077d020,0x00000000e0780000)
  to   space 12800K, 0% used [0x00000000e2f80000,0x00000000e2f80000,0x00000000e3c00000)
 ParOldGen       total 89600K, used 17550K [0x0000000081a00000, 0x0000000087180000, 0x00000000d5e00000)
  object space 89600K, 19% used [0x0000000081a00000,0x0000000082b238e8,0x0000000087180000)
 Metaspace       used 44962K, capacity 47448K, committed 47784K, reserved 1089536K
  class space    used 6236K, capacity 6710K, committed 6824K, reserved 1048576K
}

