# JRE version: Java(TM) SE Runtime Environment (8.0_271-b09) (build 1.8.0_271-b09)
# Java VM: Java HotSpot(TM) 64-Bit Server VM (25.271-b09 mixed mode windows-amd64 compressed oops)
Heap:
 PSYoungGen      total 184832K, used 36224K [0x00000000d5e00000, 0x00000000e3900000, 0x0000000100000000)
  eden space 174080K, 14% used [0x00000000d5e00000,0x00000000d76e2230,0x00000000e0800000)
  from space 10752K, 99% used [0x00000000e0800000,0x00000000e127de10,0x00000000e1280000)
  to   space 9728K, 0% used [0x00000000e1280000,0x00000000e1280000,0x00000000e1c00000)
 ParOldGen       total 86528K, used 17295K [0x0000000081a00000, 0x0000000086e80000, 0x00000000d5e00000)
  object space 86528K, 19% used [0x0000000081a00000,0x0000000082ae3fa8,0x0000000086e80000)
 Metaspace       used 47509K, capacity 50528K, committed 50728K, reserved 1093632K
  class space    used 6592K, capacity 7130K, committed 7208K, reserved 1048576K
GC Heap History (10 events):
Event: 2.932 GC heap before
{Heap before GC invocations=7 (full 1):
 PSYoungGen      total 71680K, used 66559K [0x00000000d5e00000, 0x00000000df100000, 0x0000000100000000)
  eden space 66560K, 99% used [0x00000000d5e00000,0x00000000d9effc68,0x00000000d9f00000)
  from space 5120K, 0% used [0x00000000d9f00000,0x00000000d9f00000,0x00000000da400000)
  to   space 8704K, 0% used [0x00000000de880000,0x00000000de880000,0x00000000df100000)
 ParOldGen       total 55296K, used 7144K [0x0000000081a00000, 0x0000000085000000, 0x00000000d5e00000)
  object space 55296K, 12% used [0x0000000081a00000,0x00000000820fa378,0x0000000085000000)
 Metaspace       used 22613K, capacity 24148K, committed 24320K, reserved 1071104K
  class space    used 2962K, capacity 3261K, committed 3328K, reserved 1048576K
Event: 2.938 GC heap after
Heap after GC invocations=7 (full 1):
 PSYoungGen      total 114176K, used 4240K [0x00000000d5e00000, 0x00000000ded00000, 0x0000000100000000)
  eden space 109568K, 0% used [0x00000000d5e00000,0x00000000d5e00000,0x00000000dc900000)
  from space 4608K, 92% used [0x00000000de880000,0x00000000deca41f0,0x00000000ded00000)
  to   space 8704K, 0% used [0x00000000ddc00000,0x00000000ddc00000,0x00000000de480000)
 ParOldGen       total 55296K, used 7144K [0x0000000081a00000, 0x0000000085000000, 0x00000000d5e00000)
  object space 55296K, 12% used [0x0000000081a00000,0x00000000820fa378,0x0000000085000000)
 Metaspace       used 22613K, capacity 24148K, committed 24320K, reserved 1071104K
  class space    used 2962K, capacity 3261K, committed 3328K, reserved 1048576K
}
Event: 4.209 GC heap before
{Heap before GC invocations=8 (full 1):
 PSYoungGen      total 114176K, used 113808K [0x00000000d5e00000, 0x00000000ded00000, 0x0000000100000000)
  eden space 109568K, 100% used [0x00000000d5e00000,0x00000000dc900000,0x00000000dc900000)
  from space 4608K, 92% used [0x00000000de880000,0x00000000deca41f0,0x00000000ded00000)
  to   space 8704K, 0% used [0x00000000ddc00000,0x00000000ddc00000,0x00000000de480000)
 ParOldGen       total 55296K, used 7144K [0x0000000081a00000, 0x0000000085000000, 0x00000000d5e00000)
  object space 55296K, 12% used [0x0000000081a00000,0x00000000820fa378,0x0000000085000000)
 Metaspace       used 28726K, capacity 30938K, committed 31104K, reserved 1077248K
  class space    used 3807K, capacity 4224K, committed 4224K, reserved 1048576K
Event: 4.219 GC heap after
Heap after GC invocations=8 (full 1):
 PSYoungGen      total 137728K, used 8689K [0x00000000d5e00000, 0x00000000e1c00000, 0x0000000100000000)
  eden space 129024K, 0% used [0x00000000d5e00000,0x00000000d5e00000,0x00000000ddc00000)
  from space 8704K, 99% used [0x00000000ddc00000,0x00000000de47c690,0x00000000de480000)
  to   space 9728K, 0% used [0x00000000e1280000,0x00000000e1280000,0x00000000e1c00000)
 ParOldGen       total 55296K, used 7152K [0x0000000081a00000, 0x0000000085000000, 0x00000000d5e00000)
  object space 55296K, 12% used [0x0000000081a00000,0x00000000820fc378,0x0000000085000000)
 Metaspace       used 28726K, capacity 30938K, committed 31104K, reserved 1077248K
  class space    used 3807K, capacity 4224K, committed 4224K, reserved 1048576K
}
Event: 5.085 GC heap before
{Heap before GC invocations=9 (full 1):
 PSYoungGen      total 137728K, used 66328K [0x00000000d5e00000, 0x00000000e1c00000, 0x0000000100000000)
  eden space 129024K, 44% used [0x00000000d5e00000,0x00000000d9649b40,0x00000000ddc00000)
  from space 8704K, 99% used [0x00000000ddc00000,0x00000000de47c690,0x00000000de480000)
  to   space 9728K, 0% used [0x00000000e1280000,0x00000000e1280000,0x00000000e1c00000)
 ParOldGen       total 55296K, used 7152K [0x0000000081a00000, 0x0000000085000000, 0x00000000d5e00000)
  object space 55296K, 12% used [0x0000000081a00000,0x00000000820fc378,0x0000000085000000)
 Metaspace       used 33126K, capacity 35412K, committed 35496K, reserved 1079296K
  class space    used 4586K, capacity 5019K, committed 5032K, reserved 1048576K
Event: 5.096 GC heap after
Heap after GC invocations=9 (full 1):
 PSYoungGen      total 183808K, used 8490K [0x00000000d5e00000, 0x00000000e3900000, 0x0000000100000000)
  eden space 174080K, 0% used [0x00000000d5e00000,0x00000000d5e00000,0x00000000e0800000)
  from space 9728K, 87% used [0x00000000e1280000,0x00000000e1acaab8,0x00000000e1c00000)
  to   space 10752K, 0% used [0x00000000e0800000,0x00000000e0800000,0x00000000e1280000)
 ParOldGen       total 55296K, used 7152K [0x0000000081a00000, 0x0000000085000000, 0x00000000d5e00000)
  object space 55296K, 12% used [0x0000000081a00000,0x00000000820fc378,0x0000000085000000)
 Metaspace       used 33126K, capacity 35412K, committed 35496K, reserved 1079296K
  class space    used 4586K, capacity 5019K, committed 5032K, reserved 1048576K
}
Event: 5.096 GC heap before
{Heap before GC invocations=10 (full 2):
 PSYoungGen      total 183808K, used 8490K [0x00000000d5e00000, 0x00000000e3900000, 0x0000000100000000)
  eden space 174080K, 0% used [0x00000000d5e00000,0x00000000d5e00000,0x00000000e0800000)
  from space 9728K, 87% used [0x00000000e1280000,0x00000000e1acaab8,0x00000000e1c00000)
  to   space 10752K, 0% used [0x00000000e0800000,0x00000000e0800000,0x00000000e1280000)
 ParOldGen       total 55296K, used 7152K [0x0000000081a00000, 0x0000000085000000, 0x00000000d5e00000)
  object space 55296K, 12% used [0x0000000081a00000,0x00000000820fc378,0x0000000085000000)
 Metaspace       used 33126K, capacity 35412K, committed 35496K, reserved 1079296K
  class space    used 4586K, capacity 5019K, committed 5032K, reserved 1048576K
Event: 5.182 GC heap after
Heap after GC invocations=10 (full 2):
 PSYoungGen      total 183808K, used 0K [0x00000000d5e00000, 0x00000000e3900000, 0x0000000100000000)
  eden space 174080K, 0% used [0x00000000d5e00000,0x00000000d5e00000,0x00000000e0800000)
  from space 9728K, 0% used [0x00000000e1280000,0x00000000e1280000,0x00000000e1c00000)
  to   space 10752K, 0% used [0x00000000e0800000,0x00000000e0800000,0x00000000e1280000)
 ParOldGen       total 86528K, used 13167K [0x0000000081a00000, 0x0000000086e80000, 0x00000000d5e00000)
  object space 86528K, 15% used [0x0000000081a00000,0x00000000826dbc00,0x0000000086e80000)
 Metaspace       used 33126K, capacity 35412K, committed 35496K, reserved 1079296K
  class space    used 4586K, capacity 5019K, committed 5032K, reserved 1048576K
}
Event: 7.658 GC heap before
{Heap before GC invocations=11 (full 2):
 PSYoungGen      total 183808K, used 174080K [0x00000000d5e00000, 0x00000000e3900000, 0x0000000100000000)
  eden space 174080K, 100% used [0x00000000d5e00000,0x00000000e0800000,0x00000000e0800000)
  from space 9728K, 0% used [0x00000000e1280000,0x00000000e1280000,0x00000000e1c00000)
  to   space 10752K, 0% used [0x00000000e0800000,0x00000000e0800000,0x00000000e1280000)
 ParOldGen       total 86528K, used 13167K [0x0000000081a00000, 0x0000000086e80000, 0x00000000d5e00000)
  object space 86528K, 15% used [0x0000000081a00000,0x00000000826dbc00,0x0000000086e80000)
 Metaspace       used 45435K, capacity 47964K, committed 48296K, reserved 1091584K
  class space    used 6282K, capacity 6782K, committed 6824K, reserved 1048576K
Event: 7.680 GC heap after
Heap after GC invocations=11 (full 2):
 PSYoungGen      total 184832K, used 10743K [0x00000000d5e00000, 0x00000000e3900000, 0x0000000100000000)
  eden space 174080K, 0% used [0x00000000d5e00000,0x00000000d5e00000,0x00000000e0800000)
  from space 10752K, 99% used [0x00000000e0800000,0x00000000e127de10,0x00000000e1280000)
  to   space 9728K, 0% used [0x00000000e1280000,0x00000000e1280000,0x00000000e1c00000)
 ParOldGen       total 86528K, used 17295K [0x0000000081a00000, 0x0000000086e80000, 0x00000000d5e00000)
  object space 86528K, 19% used [0x0000000081a00000,0x0000000082ae3fa8,0x0000000086e80000)
 Metaspace       used 45435K, capacity 47964K, committed 48296K, reserved 1091584K
  class space    used 6282K, capacity 6782K, committed 6824K, reserved 1048576K
}

