# JRE version: Java(TM) SE Runtime Environment (8.0_271-b09) (build 1.8.0_271-b09)
# Java VM: Java HotSpot(TM) 64-Bit Server VM (25.271-b09 mixed mode windows-amd64 compressed oops)
Heap:
 PSYoungGen      total 192512K, used 14096K [0x00000000d5e00000, 0x00000000e3e00000, 0x0000000100000000)
  eden space 181760K, 1% used [0x00000000d5e00000,0x00000000d6146e90,0x00000000e0f80000)
  from space 10752K, 99% used [0x00000000e0f80000,0x00000000e19fd368,0x00000000e1a00000)
  to   space 9728K, 0% used [0x00000000e1a00000,0x00000000e1a00000,0x00000000e2380000)
 ParOldGen       total 84480K, used 17674K [0x0000000081a00000, 0x0000000086c80000, 0x00000000d5e00000)
  object space 84480K, 20% used [0x0000000081a00000,0x0000000082b42bb8,0x0000000086c80000)
 Metaspace       used 45606K, capacity 48118K, committed 48552K, reserved 1091584K
  class space    used 6298K, capacity 6785K, committed 6824K, reserved 1048576K
GC Heap History (10 events):
Event: 2.821 GC heap before
{Heap before GC invocations=7 (full 1):
 PSYoungGen      total 71680K, used 66520K [0x00000000d5e00000, 0x00000000df100000, 0x0000000100000000)
  eden space 66560K, 99% used [0x00000000d5e00000,0x00000000d9ef6158,0x00000000d9f00000)
  from space 5120K, 0% used [0x00000000d9f00000,0x00000000d9f00000,0x00000000da400000)
  to   space 8704K, 0% used [0x00000000de880000,0x00000000de880000,0x00000000df100000)
 ParOldGen       total 54272K, used 7275K [0x0000000081a00000, 0x0000000084f00000, 0x00000000d5e00000)
  object space 54272K, 13% used [0x0000000081a00000,0x000000008211acc8,0x0000000084f00000)
 Metaspace       used 22606K, capacity 24214K, committed 24320K, reserved 1071104K
  class space    used 2968K, capacity 3296K, committed 3328K, reserved 1048576K
Event: 2.827 GC heap after
Heap after GC invocations=7 (full 1):
 PSYoungGen      total 116224K, used 4241K [0x00000000d5e00000, 0x00000000ded00000, 0x0000000100000000)
  eden space 111616K, 0% used [0x00000000d5e00000,0x00000000d5e00000,0x00000000dcb00000)
  from space 4608K, 92% used [0x00000000de880000,0x00000000deca4548,0x00000000ded00000)
  to   space 8704K, 0% used [0x00000000ddc00000,0x00000000ddc00000,0x00000000de480000)
 ParOldGen       total 54272K, used 7275K [0x0000000081a00000, 0x0000000084f00000, 0x00000000d5e00000)
  object space 54272K, 13% used [0x0000000081a00000,0x000000008211acc8,0x0000000084f00000)
 Metaspace       used 22606K, capacity 24214K, committed 24320K, reserved 1071104K
  class space    used 2968K, capacity 3296K, committed 3328K, reserved 1048576K
}
Event: 3.850 GC heap before
{Heap before GC invocations=8 (full 1):
 PSYoungGen      total 116224K, used 115857K [0x00000000d5e00000, 0x00000000ded00000, 0x0000000100000000)
  eden space 111616K, 100% used [0x00000000d5e00000,0x00000000dcb00000,0x00000000dcb00000)
  from space 4608K, 92% used [0x00000000de880000,0x00000000deca4548,0x00000000ded00000)
  to   space 8704K, 0% used [0x00000000ddc00000,0x00000000ddc00000,0x00000000de480000)
 ParOldGen       total 54272K, used 7275K [0x0000000081a00000, 0x0000000084f00000, 0x00000000d5e00000)
  object space 54272K, 13% used [0x0000000081a00000,0x000000008211acc8,0x0000000084f00000)
 Metaspace       used 28221K, capacity 30410K, committed 30592K, reserved 1075200K
  class space    used 3757K, capacity 4192K, committed 4224K, reserved 1048576K
Event: 3.860 GC heap after
Heap after GC invocations=8 (full 1):
 PSYoungGen      total 137728K, used 8415K [0x00000000d5e00000, 0x00000000e2380000, 0x0000000100000000)
  eden space 129024K, 0% used [0x00000000d5e00000,0x00000000d5e00000,0x00000000ddc00000)
  from space 8704K, 96% used [0x00000000ddc00000,0x00000000de437fb8,0x00000000de480000)
  to   space 9728K, 0% used [0x00000000e1a00000,0x00000000e1a00000,0x00000000e2380000)
 ParOldGen       total 54272K, used 7283K [0x0000000081a00000, 0x0000000084f00000, 0x00000000d5e00000)
  object space 54272K, 13% used [0x0000000081a00000,0x000000008211ccc8,0x0000000084f00000)
 Metaspace       used 28221K, capacity 30410K, committed 30592K, reserved 1075200K
  class space    used 3757K, capacity 4192K, committed 4224K, reserved 1048576K
}
Event: 4.702 GC heap before
{Heap before GC invocations=9 (full 1):
 PSYoungGen      total 137728K, used 74830K [0x00000000d5e00000, 0x00000000e2380000, 0x0000000100000000)
  eden space 129024K, 51% used [0x00000000d5e00000,0x00000000d9edb868,0x00000000ddc00000)
  from space 8704K, 96% used [0x00000000ddc00000,0x00000000de437fb8,0x00000000de480000)
  to   space 9728K, 0% used [0x00000000e1a00000,0x00000000e1a00000,0x00000000e2380000)
 ParOldGen       total 54272K, used 7283K [0x0000000081a00000, 0x0000000084f00000, 0x00000000d5e00000)
  object space 54272K, 13% used [0x0000000081a00000,0x000000008211ccc8,0x0000000084f00000)
 Metaspace       used 33180K, capacity 35442K, committed 35496K, reserved 1079296K
  class space    used 4592K, capacity 5022K, committed 5032K, reserved 1048576K
Event: 4.713 GC heap after
Heap after GC invocations=9 (full 1):
 PSYoungGen      total 191488K, used 9070K [0x00000000d5e00000, 0x00000000e3e00000, 0x0000000100000000)
  eden space 181760K, 0% used [0x00000000d5e00000,0x00000000d5e00000,0x00000000e0f80000)
  from space 9728K, 93% used [0x00000000e1a00000,0x00000000e22dbb40,0x00000000e2380000)
  to   space 10752K, 0% used [0x00000000e0f80000,0x00000000e0f80000,0x00000000e1a00000)
 ParOldGen       total 54272K, used 7291K [0x0000000081a00000, 0x0000000084f00000, 0x00000000d5e00000)
  object space 54272K, 13% used [0x0000000081a00000,0x000000008211ecc8,0x0000000084f00000)
 Metaspace       used 33180K, capacity 35442K, committed 35496K, reserved 1079296K
  class space    used 4592K, capacity 5022K, committed 5032K, reserved 1048576K
}
Event: 4.713 GC heap before
{Heap before GC invocations=10 (full 2):
 PSYoungGen      total 191488K, used 9070K [0x00000000d5e00000, 0x00000000e3e00000, 0x0000000100000000)
  eden space 181760K, 0% used [0x00000000d5e00000,0x00000000d5e00000,0x00000000e0f80000)
  from space 9728K, 93% used [0x00000000e1a00000,0x00000000e22dbb40,0x00000000e2380000)
  to   space 10752K, 0% used [0x00000000e0f80000,0x00000000e0f80000,0x00000000e1a00000)
 ParOldGen       total 54272K, used 7291K [0x0000000081a00000, 0x0000000084f00000, 0x00000000d5e00000)
  object space 54272K, 13% used [0x0000000081a00000,0x000000008211ecc8,0x0000000084f00000)
 Metaspace       used 33180K, capacity 35442K, committed 35496K, reserved 1079296K
  class space    used 4592K, capacity 5022K, committed 5032K, reserved 1048576K
Event: 4.790 GC heap after
Heap after GC invocations=10 (full 2):
 PSYoungGen      total 191488K, used 0K [0x00000000d5e00000, 0x00000000e3e00000, 0x0000000100000000)
  eden space 181760K, 0% used [0x00000000d5e00000,0x00000000d5e00000,0x00000000e0f80000)
  from space 9728K, 0% used [0x00000000e1a00000,0x00000000e1a00000,0x00000000e2380000)
  to   space 10752K, 0% used [0x00000000e0f80000,0x00000000e0f80000,0x00000000e1a00000)
 ParOldGen       total 84480K, used 13721K [0x0000000081a00000, 0x0000000086c80000, 0x00000000d5e00000)
  object space 84480K, 16% used [0x0000000081a00000,0x0000000082766548,0x0000000086c80000)
 Metaspace       used 33180K, capacity 35442K, committed 35496K, reserved 1079296K
  class space    used 4592K, capacity 5022K, committed 5032K, reserved 1048576K
}
Event: 7.231 GC heap before
{Heap before GC invocations=11 (full 2):
 PSYoungGen      total 191488K, used 181760K [0x00000000d5e00000, 0x00000000e3e00000, 0x0000000100000000)
  eden space 181760K, 100% used [0x00000000d5e00000,0x00000000e0f80000,0x00000000e0f80000)
  from space 9728K, 0% used [0x00000000e1a00000,0x00000000e1a00000,0x00000000e2380000)
  to   space 10752K, 0% used [0x00000000e0f80000,0x00000000e0f80000,0x00000000e1a00000)
 ParOldGen       total 84480K, used 13721K [0x0000000081a00000, 0x0000000086c80000, 0x00000000d5e00000)
  object space 84480K, 16% used [0x0000000081a00000,0x0000000082766548,0x0000000086c80000)
 Metaspace       used 45439K, capacity 47946K, committed 48296K, reserved 1091584K
  class space    used 6277K, capacity 6751K, committed 6824K, reserved 1048576K
Event: 7.248 GC heap after
Heap after GC invocations=11 (full 2):
 PSYoungGen      total 192512K, used 10740K [0x00000000d5e00000, 0x00000000e3e00000, 0x0000000100000000)
  eden space 181760K, 0% used [0x00000000d5e00000,0x00000000d5e00000,0x00000000e0f80000)
  from space 10752K, 99% used [0x00000000e0f80000,0x00000000e19fd368,0x00000000e1a00000)
  to   space 9728K, 0% used [0x00000000e1a00000,0x00000000e1a00000,0x00000000e2380000)
 ParOldGen       total 84480K, used 17674K [0x0000000081a00000, 0x0000000086c80000, 0x00000000d5e00000)
  object space 84480K, 20% used [0x0000000081a00000,0x0000000082b42bb8,0x0000000086c80000)
 Metaspace       used 45439K, capacity 47946K, committed 48296K, reserved 1091584K
  class space    used 6277K, capacity 6751K, committed 6824K, reserved 1048576K
}

