# JRE version: Java(TM) SE Runtime Environment (8.0_271-b09) (build 1.8.0_271-b09)
# Java VM: Java HotSpot(TM) 64-Bit Server VM (25.271-b09 mixed mode windows-amd64 compressed oops)
Heap:
 PSYoungGen      total 200704K, used 74947K [0x00000000d5e00000, 0x00000000e4280000, 0x0000000100000000)
  eden space 190464K, 39% used [0x00000000d5e00000,0x00000000da730eb0,0x00000000e1800000)
  from space 10240K, 0% used [0x00000000e2280000,0x00000000e2280000,0x00000000e2c80000)
  to   space 10752K, 0% used [0x00000000e1800000,0x00000000e1800000,0x00000000e2280000)
 ParOldGen       total 52736K, used 12929K [0x0000000081a00000, 0x0000000084d80000, 0x00000000d5e00000)
  object space 52736K, 24% used [0x0000000081a00000,0x00000000826a04f0,0x0000000084d80000)
 Metaspace       used 40099K, capacity 42486K, committed 42792K, reserved 1085440K
  class space    used 5436K, capacity 5911K, committed 5928K, reserved 1048576K
GC Heap History (10 events):
Event: 2.809 GC heap before
{Heap before GC invocations=6 (full 1):
 PSYoungGen      total 71680K, used 5110K [0x00000000d5e00000, 0x00000000df100000, 0x0000000100000000)
  eden space 66560K, 0% used [0x00000000d5e00000,0x00000000d5e00000,0x00000000d9f00000)
  from space 5120K, 99% used [0x00000000d9f00000,0x00000000da3fd820,0x00000000da400000)
  to   space 8704K, 0% used [0x00000000de880000,0x00000000de880000,0x00000000df100000)
 ParOldGen       total 87552K, used 4739K [0x0000000081a00000, 0x0000000086f80000, 0x00000000d5e00000)
  object space 87552K, 5% used [0x0000000081a00000,0x0000000081ea0e78,0x0000000086f80000)
 Metaspace       used 19759K, capacity 21168K, committed 21296K, reserved 1067008K
  class space    used 2551K, capacity 2825K, committed 2944K, reserved 1048576K
Event: 2.841 GC heap after
Heap after GC invocations=6 (full 1):
 PSYoungGen      total 71680K, used 0K [0x00000000d5e00000, 0x00000000df100000, 0x0000000100000000)
  eden space 66560K, 0% used [0x00000000d5e00000,0x00000000d5e00000,0x00000000d9f00000)
  from space 5120K, 0% used [0x00000000d9f00000,0x00000000d9f00000,0x00000000da400000)
  to   space 8704K, 0% used [0x00000000de880000,0x00000000de880000,0x00000000df100000)
 ParOldGen       total 52736K, used 7213K [0x0000000081a00000, 0x0000000084d80000, 0x00000000d5e00000)
  object space 52736K, 13% used [0x0000000081a00000,0x000000008210b708,0x0000000084d80000)
 Metaspace       used 19759K, capacity 21168K, committed 21296K, reserved 1067008K
  class space    used 2551K, capacity 2825K, committed 2944K, reserved 1048576K
}
Event: 3.067 GC heap before
{Heap before GC invocations=7 (full 1):
 PSYoungGen      total 71680K, used 66518K [0x00000000d5e00000, 0x00000000df100000, 0x0000000100000000)
  eden space 66560K, 99% used [0x00000000d5e00000,0x00000000d9ef5b80,0x00000000d9f00000)
  from space 5120K, 0% used [0x00000000d9f00000,0x00000000d9f00000,0x00000000da400000)
  to   space 8704K, 0% used [0x00000000de880000,0x00000000de880000,0x00000000df100000)
 ParOldGen       total 52736K, used 7213K [0x0000000081a00000, 0x0000000084d80000, 0x00000000d5e00000)
  object space 52736K, 13% used [0x0000000081a00000,0x000000008210b708,0x0000000084d80000)
 Metaspace       used 22541K, capacity 24080K, committed 24320K, reserved 1071104K
  class space    used 2949K, capacity 3257K, committed 3328K, reserved 1048576K
Event: 3.072 GC heap after
Heap after GC invocations=7 (full 1):
 PSYoungGen      total 118784K, used 4185K [0x00000000d5e00000, 0x00000000ded00000, 0x0000000100000000)
  eden space 114176K, 0% used [0x00000000d5e00000,0x00000000d5e00000,0x00000000dcd80000)
  from space 4608K, 90% used [0x00000000de880000,0x00000000dec96538,0x00000000ded00000)
  to   space 8704K, 0% used [0x00000000ddc00000,0x00000000ddc00000,0x00000000de480000)
 ParOldGen       total 52736K, used 7213K [0x0000000081a00000, 0x0000000084d80000, 0x00000000d5e00000)
  object space 52736K, 13% used [0x0000000081a00000,0x000000008210b708,0x0000000084d80000)
 Metaspace       used 22541K, capacity 24080K, committed 24320K, reserved 1071104K
  class space    used 2949K, capacity 3257K, committed 3328K, reserved 1048576K
}
Event: 4.589 GC heap before
{Heap before GC invocations=8 (full 1):
 PSYoungGen      total 118784K, used 118361K [0x00000000d5e00000, 0x00000000ded00000, 0x0000000100000000)
  eden space 114176K, 100% used [0x00000000d5e00000,0x00000000dcd80000,0x00000000dcd80000)
  from space 4608K, 90% used [0x00000000de880000,0x00000000dec96538,0x00000000ded00000)
  to   space 8704K, 0% used [0x00000000ddc00000,0x00000000ddc00000,0x00000000de480000)
 ParOldGen       total 52736K, used 7213K [0x0000000081a00000, 0x0000000084d80000, 0x00000000d5e00000)
  object space 52736K, 13% used [0x0000000081a00000,0x000000008210b708,0x0000000084d80000)
 Metaspace       used 28969K, capacity 31202K, committed 31488K, reserved 1077248K
  class space    used 3855K, capacity 4288K, committed 4352K, reserved 1048576K
Event: 4.600 GC heap after
Heap after GC invocations=8 (full 1):
 PSYoungGen      total 137728K, used 8689K [0x00000000d5e00000, 0x00000000e2c80000, 0x0000000100000000)
  eden space 129024K, 0% used [0x00000000d5e00000,0x00000000d5e00000,0x00000000ddc00000)
  from space 8704K, 99% used [0x00000000ddc00000,0x00000000de47c610,0x00000000de480000)
  to   space 10240K, 0% used [0x00000000e2280000,0x00000000e2280000,0x00000000e2c80000)
 ParOldGen       total 52736K, used 7696K [0x0000000081a00000, 0x0000000084d80000, 0x00000000d5e00000)
  object space 52736K, 14% used [0x0000000081a00000,0x0000000082184180,0x0000000084d80000)
 Metaspace       used 28969K, capacity 31202K, committed 31488K, reserved 1077248K
  class space    used 3855K, capacity 4288K, committed 4352K, reserved 1048576K
}
Event: 5.374 GC heap before
{Heap before GC invocations=9 (full 1):
 PSYoungGen      total 137728K, used 61446K [0x00000000d5e00000, 0x00000000e2c80000, 0x0000000100000000)
  eden space 129024K, 40% used [0x00000000d5e00000,0x00000000d91852e8,0x00000000ddc00000)
  from space 8704K, 99% used [0x00000000ddc00000,0x00000000de47c610,0x00000000de480000)
  to   space 10240K, 0% used [0x00000000e2280000,0x00000000e2280000,0x00000000e2c80000)
 ParOldGen       total 52736K, used 7696K [0x0000000081a00000, 0x0000000084d80000, 0x00000000d5e00000)
  object space 52736K, 14% used [0x0000000081a00000,0x0000000082184180,0x0000000084d80000)
 Metaspace       used 33132K, capacity 35420K, committed 35496K, reserved 1079296K
  class space    used 4587K, capacity 5019K, committed 5032K, reserved 1048576K
Event: 5.385 GC heap after
Heap after GC invocations=9 (full 1):
 PSYoungGen      total 200704K, used 8257K [0x00000000d5e00000, 0x00000000e4280000, 0x0000000100000000)
  eden space 190464K, 0% used [0x00000000d5e00000,0x00000000d5e00000,0x00000000e1800000)
  from space 10240K, 80% used [0x00000000e2280000,0x00000000e2a90500,0x00000000e2c80000)
  to   space 10752K, 0% used [0x00000000e1800000,0x00000000e1800000,0x00000000e2280000)
 ParOldGen       total 52736K, used 7696K [0x0000000081a00000, 0x0000000084d80000, 0x00000000d5e00000)
  object space 52736K, 14% used [0x0000000081a00000,0x0000000082184180,0x0000000084d80000)
 Metaspace       used 33132K, capacity 35420K, committed 35496K, reserved 1079296K
  class space    used 4587K, capacity 5019K, committed 5032K, reserved 1048576K
}
Event: 5.385 GC heap before
{Heap before GC invocations=10 (full 2):
 PSYoungGen      total 200704K, used 8257K [0x00000000d5e00000, 0x00000000e4280000, 0x0000000100000000)
  eden space 190464K, 0% used [0x00000000d5e00000,0x00000000d5e00000,0x00000000e1800000)
  from space 10240K, 80% used [0x00000000e2280000,0x00000000e2a90500,0x00000000e2c80000)
  to   space 10752K, 0% used [0x00000000e1800000,0x00000000e1800000,0x00000000e2280000)
 ParOldGen       total 52736K, used 7696K [0x0000000081a00000, 0x0000000084d80000, 0x00000000d5e00000)
  object space 52736K, 14% used [0x0000000081a00000,0x0000000082184180,0x0000000084d80000)
 Metaspace       used 33132K, capacity 35420K, committed 35496K, reserved 1079296K
  class space    used 4587K, capacity 5019K, committed 5032K, reserved 1048576K
Event: 5.469 GC heap after
Heap after GC invocations=10 (full 2):
 PSYoungGen      total 200704K, used 0K [0x00000000d5e00000, 0x00000000e4280000, 0x0000000100000000)
  eden space 190464K, 0% used [0x00000000d5e00000,0x00000000d5e00000,0x00000000e1800000)
  from space 10240K, 0% used [0x00000000e2280000,0x00000000e2280000,0x00000000e2c80000)
  to   space 10752K, 0% used [0x00000000e1800000,0x00000000e1800000,0x00000000e2280000)
 ParOldGen       total 52736K, used 12929K [0x0000000081a00000, 0x0000000084d80000, 0x00000000d5e00000)
  object space 52736K, 24% used [0x0000000081a00000,0x00000000826a04f0,0x0000000084d80000)
 Metaspace       used 33132K, capacity 35420K, committed 35496K, reserved 1079296K
  class space    used 4587K, capacity 5019K, committed 5032K, reserved 1048576K
}

