# JRE version: Java(TM) SE Runtime Environment (8.0_271-b09) (build 1.8.0_271-b09)
# Java VM: Java HotSpot(TM) 64-Bit Server VM (25.271-b09 mixed mode windows-amd64 compressed oops)
Heap:
 PSYoungGen      total 192512K, used 178120K [0x00000000d5e00000, 0x00000000e3c00000, 0x0000000100000000)
  eden space 182272K, 97% used [0x00000000d5e00000,0x00000000e0bf2118,0x00000000e1000000)
  from space 10240K, 0% used [0x00000000e1a80000,0x00000000e1a80000,0x00000000e2480000)
  to   space 10752K, 0% used [0x00000000e1000000,0x00000000e1000000,0x00000000e1a80000)
 ParOldGen       total 81920K, used 13019K [0x0000000081a00000, 0x0000000086a00000, 0x00000000d5e00000)
  object space 81920K, 15% used [0x0000000081a00000,0x00000000826b6ec0,0x0000000086a00000)
 Metaspace       used 45993K, capacity 48488K, committed 48936K, reserved 1091584K
  class space    used 6353K, capacity 6850K, committed 6952K, reserved 1048576K
GC Heap History (10 events):
Event: 2.676 GC heap before
{Heap before GC invocations=6 (full 1):
 PSYoungGen      total 71680K, used 5088K [0x00000000d5e00000, 0x00000000df100000, 0x0000000100000000)
  eden space 66560K, 0% used [0x00000000d5e00000,0x00000000d5e00000,0x00000000d9f00000)
  from space 5120K, 99% used [0x00000000d9f00000,0x00000000da3f81d0,0x00000000da400000)
  to   space 8704K, 0% used [0x00000000de880000,0x00000000de880000,0x00000000df100000)
 ParOldGen       total 87552K, used 4542K [0x0000000081a00000, 0x0000000086f80000, 0x00000000d5e00000)
  object space 87552K, 5% used [0x0000000081a00000,0x0000000081e6fb88,0x0000000086f80000)
 Metaspace       used 19702K, capacity 21156K, committed 21296K, reserved 1067008K
  class space    used 2543K, capacity 2825K, committed 2944K, reserved 1048576K
Event: 2.714 GC heap after
Heap after GC invocations=6 (full 1):
 PSYoungGen      total 71680K, used 0K [0x00000000d5e00000, 0x00000000df100000, 0x0000000100000000)
  eden space 66560K, 0% used [0x00000000d5e00000,0x00000000d5e00000,0x00000000d9f00000)
  from space 5120K, 0% used [0x00000000d9f00000,0x00000000d9f00000,0x00000000da400000)
  to   space 8704K, 0% used [0x00000000de880000,0x00000000de880000,0x00000000df100000)
 ParOldGen       total 53760K, used 6916K [0x0000000081a00000, 0x0000000084e80000, 0x00000000d5e00000)
  object space 53760K, 12% used [0x0000000081a00000,0x00000000820c1008,0x0000000084e80000)
 Metaspace       used 19702K, capacity 21156K, committed 21296K, reserved 1067008K
  class space    used 2543K, capacity 2825K, committed 2944K, reserved 1048576K
}
Event: 2.945 GC heap before
{Heap before GC invocations=7 (full 1):
 PSYoungGen      total 71680K, used 66558K [0x00000000d5e00000, 0x00000000df100000, 0x0000000100000000)
  eden space 66560K, 99% used [0x00000000d5e00000,0x00000000d9effaf0,0x00000000d9f00000)
  from space 5120K, 0% used [0x00000000d9f00000,0x00000000d9f00000,0x00000000da400000)
  to   space 8704K, 0% used [0x00000000de880000,0x00000000de880000,0x00000000df100000)
 ParOldGen       total 53760K, used 6916K [0x0000000081a00000, 0x0000000084e80000, 0x00000000d5e00000)
  object space 53760K, 12% used [0x0000000081a00000,0x00000000820c1008,0x0000000084e80000)
 Metaspace       used 22292K, capacity 23856K, committed 24064K, reserved 1071104K
  class space    used 2907K, capacity 3201K, committed 3328K, reserved 1048576K
Event: 2.952 GC heap after
Heap after GC invocations=7 (full 1):
 PSYoungGen      total 115712K, used 3901K [0x00000000d5e00000, 0x00000000dec80000, 0x0000000100000000)
  eden space 111616K, 0% used [0x00000000d5e00000,0x00000000d5e00000,0x00000000dcb00000)
  from space 4096K, 95% used [0x00000000de880000,0x00000000dec4f5a8,0x00000000dec80000)
  to   space 8704K, 0% used [0x00000000ddb80000,0x00000000ddb80000,0x00000000de400000)
 ParOldGen       total 53760K, used 6916K [0x0000000081a00000, 0x0000000084e80000, 0x00000000d5e00000)
  object space 53760K, 12% used [0x0000000081a00000,0x00000000820c1008,0x0000000084e80000)
 Metaspace       used 22292K, capacity 23856K, committed 24064K, reserved 1071104K
  class space    used 2907K, capacity 3201K, committed 3328K, reserved 1048576K
}
Event: 4.029 GC heap before
{Heap before GC invocations=8 (full 1):
 PSYoungGen      total 115712K, used 115517K [0x00000000d5e00000, 0x00000000dec80000, 0x0000000100000000)
  eden space 111616K, 100% used [0x00000000d5e00000,0x00000000dcb00000,0x00000000dcb00000)
  from space 4096K, 95% used [0x00000000de880000,0x00000000dec4f5a8,0x00000000dec80000)
  to   space 8704K, 0% used [0x00000000ddb80000,0x00000000ddb80000,0x00000000de400000)
 ParOldGen       total 53760K, used 6916K [0x0000000081a00000, 0x0000000084e80000, 0x00000000d5e00000)
  object space 53760K, 12% used [0x0000000081a00000,0x00000000820c1008,0x0000000084e80000)
 Metaspace       used 28765K, capacity 30952K, committed 31232K, reserved 1077248K
  class space    used 3830K, capacity 4255K, committed 4352K, reserved 1048576K
Event: 4.040 GC heap after
Heap after GC invocations=8 (full 1):
 PSYoungGen      total 137216K, used 8694K [0x00000000d5e00000, 0x00000000e2480000, 0x0000000100000000)
  eden space 128512K, 0% used [0x00000000d5e00000,0x00000000d5e00000,0x00000000ddb80000)
  from space 8704K, 99% used [0x00000000ddb80000,0x00000000de3fd930,0x00000000de400000)
  to   space 10240K, 0% used [0x00000000e1a80000,0x00000000e1a80000,0x00000000e2480000)
 ParOldGen       total 53760K, used 7280K [0x0000000081a00000, 0x0000000084e80000, 0x00000000d5e00000)
  object space 53760K, 13% used [0x0000000081a00000,0x000000008211c388,0x0000000084e80000)
 Metaspace       used 28765K, capacity 30952K, committed 31232K, reserved 1077248K
  class space    used 3830K, capacity 4255K, committed 4352K, reserved 1048576K
}
Event: 4.925 GC heap before
{Heap before GC invocations=9 (full 1):
 PSYoungGen      total 137216K, used 65124K [0x00000000d5e00000, 0x00000000e2480000, 0x0000000100000000)
  eden space 128512K, 43% used [0x00000000d5e00000,0x00000000d951b9b0,0x00000000ddb80000)
  from space 8704K, 99% used [0x00000000ddb80000,0x00000000de3fd930,0x00000000de400000)
  to   space 10240K, 0% used [0x00000000e1a80000,0x00000000e1a80000,0x00000000e2480000)
 ParOldGen       total 53760K, used 7280K [0x0000000081a00000, 0x0000000084e80000, 0x00000000d5e00000)
  object space 53760K, 13% used [0x0000000081a00000,0x000000008211c388,0x0000000084e80000)
 Metaspace       used 33149K, capacity 35394K, committed 35496K, reserved 1079296K
  class space    used 4595K, capacity 5018K, committed 5032K, reserved 1048576K
Event: 4.935 GC heap after
Heap after GC invocations=9 (full 1):
 PSYoungGen      total 192512K, used 8385K [0x00000000d5e00000, 0x00000000e3c00000, 0x0000000100000000)
  eden space 182272K, 0% used [0x00000000d5e00000,0x00000000d5e00000,0x00000000e1000000)
  from space 10240K, 81% used [0x00000000e1a80000,0x00000000e22b0788,0x00000000e2480000)
  to   space 10752K, 0% used [0x00000000e1000000,0x00000000e1000000,0x00000000e1a80000)
 ParOldGen       total 53760K, used 7288K [0x0000000081a00000, 0x0000000084e80000, 0x00000000d5e00000)
  object space 53760K, 13% used [0x0000000081a00000,0x000000008211e388,0x0000000084e80000)
 Metaspace       used 33149K, capacity 35394K, committed 35496K, reserved 1079296K
  class space    used 4595K, capacity 5018K, committed 5032K, reserved 1048576K
}
Event: 4.935 GC heap before
{Heap before GC invocations=10 (full 2):
 PSYoungGen      total 192512K, used 8385K [0x00000000d5e00000, 0x00000000e3c00000, 0x0000000100000000)
  eden space 182272K, 0% used [0x00000000d5e00000,0x00000000d5e00000,0x00000000e1000000)
  from space 10240K, 81% used [0x00000000e1a80000,0x00000000e22b0788,0x00000000e2480000)
  to   space 10752K, 0% used [0x00000000e1000000,0x00000000e1000000,0x00000000e1a80000)
 ParOldGen       total 53760K, used 7288K [0x0000000081a00000, 0x0000000084e80000, 0x00000000d5e00000)
  object space 53760K, 13% used [0x0000000081a00000,0x000000008211e388,0x0000000084e80000)
 Metaspace       used 33149K, capacity 35394K, committed 35496K, reserved 1079296K
  class space    used 4595K, capacity 5018K, committed 5032K, reserved 1048576K
Event: 5.000 GC heap after
Heap after GC invocations=10 (full 2):
 PSYoungGen      total 192512K, used 0K [0x00000000d5e00000, 0x00000000e3c00000, 0x0000000100000000)
  eden space 182272K, 0% used [0x00000000d5e00000,0x00000000d5e00000,0x00000000e1000000)
  from space 10240K, 0% used [0x00000000e1a80000,0x00000000e1a80000,0x00000000e2480000)
  to   space 10752K, 0% used [0x00000000e1000000,0x00000000e1000000,0x00000000e1a80000)
 ParOldGen       total 81920K, used 13019K [0x0000000081a00000, 0x0000000086a00000, 0x00000000d5e00000)
  object space 81920K, 15% used [0x0000000081a00000,0x00000000826b6ec0,0x0000000086a00000)
 Metaspace       used 33149K, capacity 35394K, committed 35496K, reserved 1079296K
  class space    used 4595K, capacity 5018K, committed 5032K, reserved 1048576K
}

