# JRE version: Java(TM) SE Runtime Environment (8.0_271-b09) (build 1.8.0_271-b09)
# Java VM: Java HotSpot(TM) 64-Bit Server VM (25.271-b09 mixed mode windows-amd64 compressed oops)
Heap:
 PSYoungGen      total 116736K, used 101780K [0x00000000d5e00000, 0x00000000dec80000, 0x0000000100000000)
  eden space 108032K, 86% used [0x00000000d5e00000,0x00000000db8e79a0,0x00000000dc780000)
  from space 8704K, 99% used [0x00000000ddb80000,0x00000000de3fd7b8,0x00000000de400000)
  to   space 4096K, 0% used [0x00000000de880000,0x00000000de880000,0x00000000dec80000)
 ParOldGen       total 56320K, used 15271K [0x0000000081a00000, 0x0000000085100000, 0x00000000d5e00000)
  object space 56320K, 27% used [0x0000000081a00000,0x00000000828e9d70,0x0000000085100000)
 Metaspace       used 45272K, capacity 47804K, committed 48040K, reserved 1091584K
  class space    used 6234K, capacity 6722K, committed 6824K, reserved 1048576K
GC Heap History (10 events):
Event: 2.300 GC heap before
{Heap before GC invocations=7 (full 1):
 PSYoungGen      total 71680K, used 66553K [0x00000000d5e00000, 0x00000000df100000, 0x0000000100000000)
  eden space 66560K, 99% used [0x00000000d5e00000,0x00000000d9efe5d8,0x00000000d9f00000)
  from space 5120K, 0% used [0x00000000d9f00000,0x00000000d9f00000,0x00000000da400000)
  to   space 8704K, 0% used [0x00000000de880000,0x00000000de880000,0x00000000df100000)
 ParOldGen       total 56320K, used 7252K [0x0000000081a00000, 0x0000000085100000, 0x00000000d5e00000)
  object space 56320K, 12% used [0x0000000081a00000,0x00000000821152e8,0x0000000085100000)
 Metaspace       used 22412K, capacity 23988K, committed 24320K, reserved 1071104K
  class space    used 2928K, capacity 3243K, committed 3328K, reserved 1048576K
Event: 2.304 GC heap after
Heap after GC invocations=7 (full 1):
 PSYoungGen      total 112128K, used 4011K [0x00000000d5e00000, 0x00000000dec80000, 0x0000000100000000)
  eden space 108032K, 0% used [0x00000000d5e00000,0x00000000d5e00000,0x00000000dc780000)
  from space 4096K, 97% used [0x00000000de880000,0x00000000dec6aca8,0x00000000dec80000)
  to   space 8704K, 0% used [0x00000000ddb80000,0x00000000ddb80000,0x00000000de400000)
 ParOldGen       total 56320K, used 7252K [0x0000000081a00000, 0x0000000085100000, 0x00000000d5e00000)
  object space 56320K, 12% used [0x0000000081a00000,0x00000000821152e8,0x0000000085100000)
 Metaspace       used 22412K, capacity 23988K, committed 24320K, reserved 1071104K
  class space    used 2928K, capacity 3243K, committed 3328K, reserved 1048576K
}
Event: 3.353 GC heap before
{Heap before GC invocations=8 (full 1):
 PSYoungGen      total 112128K, used 112043K [0x00000000d5e00000, 0x00000000dec80000, 0x0000000100000000)
  eden space 108032K, 100% used [0x00000000d5e00000,0x00000000dc780000,0x00000000dc780000)
  from space 4096K, 97% used [0x00000000de880000,0x00000000dec6aca8,0x00000000dec80000)
  to   space 8704K, 0% used [0x00000000ddb80000,0x00000000ddb80000,0x00000000de400000)
 ParOldGen       total 56320K, used 7252K [0x0000000081a00000, 0x0000000085100000, 0x00000000d5e00000)
  object space 56320K, 12% used [0x0000000081a00000,0x00000000821152e8,0x0000000085100000)
 Metaspace       used 28477K, capacity 30640K, committed 30848K, reserved 1075200K
  class space    used 3775K, capacity 4189K, committed 4224K, reserved 1048576K
Event: 3.364 GC heap after
Heap after GC invocations=8 (full 1):
 PSYoungGen      total 116736K, used 8587K [0x00000000d5e00000, 0x00000000dec80000, 0x0000000100000000)
  eden space 108032K, 0% used [0x00000000d5e00000,0x00000000d5e00000,0x00000000dc780000)
  from space 8704K, 98% used [0x00000000ddb80000,0x00000000de3e2d40,0x00000000de400000)
  to   space 4096K, 0% used [0x00000000de880000,0x00000000de880000,0x00000000dec80000)
 ParOldGen       total 56320K, used 7260K [0x0000000081a00000, 0x0000000085100000, 0x00000000d5e00000)
  object space 56320K, 12% used [0x0000000081a00000,0x00000000821172e8,0x0000000085100000)
 Metaspace       used 28477K, capacity 30640K, committed 30848K, reserved 1075200K
  class space    used 3775K, capacity 4189K, committed 4224K, reserved 1048576K
}
Event: 4.181 GC heap before
{Heap before GC invocations=9 (full 1):
 PSYoungGen      total 116736K, used 69698K [0x00000000d5e00000, 0x00000000dec80000, 0x0000000100000000)
  eden space 108032K, 56% used [0x00000000d5e00000,0x00000000d99adb20,0x00000000dc780000)
  from space 8704K, 98% used [0x00000000ddb80000,0x00000000de3e2d40,0x00000000de400000)
  to   space 4096K, 0% used [0x00000000de880000,0x00000000de880000,0x00000000dec80000)
 ParOldGen       total 56320K, used 7260K [0x0000000081a00000, 0x0000000085100000, 0x00000000d5e00000)
  object space 56320K, 12% used [0x0000000081a00000,0x00000000821172e8,0x0000000085100000)
 Metaspace       used 33159K, capacity 35416K, committed 35496K, reserved 1079296K
  class space    used 4592K, capacity 5019K, committed 5032K, reserved 1048576K
Event: 4.193 GC heap after
Heap after GC invocations=9 (full 1):
 PSYoungGen      total 112128K, used 4093K [0x00000000d5e00000, 0x00000000dec80000, 0x0000000100000000)
  eden space 108032K, 0% used [0x00000000d5e00000,0x00000000d5e00000,0x00000000dc780000)
  from space 4096K, 99% used [0x00000000de880000,0x00000000dec7f450,0x00000000dec80000)
  to   space 8704K, 0% used [0x00000000ddb80000,0x00000000ddb80000,0x00000000de400000)
 ParOldGen       total 56320K, used 11870K [0x0000000081a00000, 0x0000000085100000, 0x00000000d5e00000)
  object space 56320K, 21% used [0x0000000081a00000,0x00000000825979e0,0x0000000085100000)
 Metaspace       used 33159K, capacity 35416K, committed 35496K, reserved 1079296K
  class space    used 4592K, capacity 5019K, committed 5032K, reserved 1048576K
}
Event: 4.194 GC heap before
{Heap before GC invocations=10 (full 2):
 PSYoungGen      total 112128K, used 4093K [0x00000000d5e00000, 0x00000000dec80000, 0x0000000100000000)
  eden space 108032K, 0% used [0x00000000d5e00000,0x00000000d5e00000,0x00000000dc780000)
  from space 4096K, 99% used [0x00000000de880000,0x00000000dec7f450,0x00000000dec80000)
  to   space 8704K, 0% used [0x00000000ddb80000,0x00000000ddb80000,0x00000000de400000)
 ParOldGen       total 56320K, used 11870K [0x0000000081a00000, 0x0000000085100000, 0x00000000d5e00000)
  object space 56320K, 21% used [0x0000000081a00000,0x00000000825979e0,0x0000000085100000)
 Metaspace       used 33159K, capacity 35416K, committed 35496K, reserved 1079296K
  class space    used 4592K, capacity 5019K, committed 5032K, reserved 1048576K
Event: 4.266 GC heap after
Heap after GC invocations=10 (full 2):
 PSYoungGen      total 112128K, used 0K [0x00000000d5e00000, 0x00000000dec80000, 0x0000000100000000)
  eden space 108032K, 0% used [0x00000000d5e00000,0x00000000d5e00000,0x00000000dc780000)
  from space 4096K, 0% used [0x00000000de880000,0x00000000de880000,0x00000000dec80000)
  to   space 8704K, 0% used [0x00000000ddb80000,0x00000000ddb80000,0x00000000de400000)
 ParOldGen       total 56320K, used 13484K [0x0000000081a00000, 0x0000000085100000, 0x00000000d5e00000)
  object space 56320K, 23% used [0x0000000081a00000,0x000000008272b1f8,0x0000000085100000)
 Metaspace       used 33159K, capacity 35416K, committed 35496K, reserved 1079296K
  class space    used 4592K, capacity 5019K, committed 5032K, reserved 1048576K
}
Event: 5.756 GC heap before
{Heap before GC invocations=11 (full 2):
 PSYoungGen      total 112128K, used 108032K [0x00000000d5e00000, 0x00000000dec80000, 0x0000000100000000)
  eden space 108032K, 100% used [0x00000000d5e00000,0x00000000dc780000,0x00000000dc780000)
  from space 4096K, 0% used [0x00000000de880000,0x00000000de880000,0x00000000dec80000)
  to   space 8704K, 0% used [0x00000000ddb80000,0x00000000ddb80000,0x00000000de400000)
 ParOldGen       total 56320K, used 13484K [0x0000000081a00000, 0x0000000085100000, 0x00000000d5e00000)
  object space 56320K, 23% used [0x0000000081a00000,0x000000008272b1f8,0x0000000085100000)
 Metaspace       used 42316K, capacity 44746K, committed 44968K, reserved 1087488K
  class space    used 5823K, capacity 6299K, committed 6312K, reserved 1048576K
Event: 5.765 GC heap after
Heap after GC invocations=11 (full 2):
 PSYoungGen      total 116736K, used 8693K [0x00000000d5e00000, 0x00000000dec80000, 0x0000000100000000)
  eden space 108032K, 0% used [0x00000000d5e00000,0x00000000d5e00000,0x00000000dc780000)
  from space 8704K, 99% used [0x00000000ddb80000,0x00000000de3fd7b8,0x00000000de400000)
  to   space 4096K, 0% used [0x00000000de880000,0x00000000de880000,0x00000000dec80000)
 ParOldGen       total 56320K, used 15271K [0x0000000081a00000, 0x0000000085100000, 0x00000000d5e00000)
  object space 56320K, 27% used [0x0000000081a00000,0x00000000828e9d70,0x0000000085100000)
 Metaspace       used 42316K, capacity 44746K, committed 44968K, reserved 1087488K
  class space    used 5823K, capacity 6299K, committed 6312K, reserved 1048576K
}

