# JRE version: Java(TM) SE Runtime Environment (8.0_271-b09) (build 1.8.0_271-b09)
# Java VM: Java HotSpot(TM) 64-Bit Server VM (25.271-b09 mixed mode windows-amd64 compressed oops)
Heap:
 PSYoungGen      total 194560K, used 20901K [0x00000000d5e00000, 0x00000000e3f80000, 0x0000000100000000)
  eden space 183808K, 5% used [0x00000000d5e00000,0x00000000d67eb578,0x00000000e1180000)
  from space 10752K, 99% used [0x00000000e1180000,0x00000000e1bfdf28,0x00000000e1c00000)
  to   space 10240K, 0% used [0x00000000e1c00000,0x00000000e1c00000,0x00000000e2600000)
 ParOldGen       total 82432K, used 18107K [0x0000000081a00000, 0x0000000086a80000, 0x00000000d5e00000)
  object space 82432K, 21% used [0x0000000081a00000,0x0000000082baed28,0x0000000086a80000)
 Metaspace       used 47206K, capacity 50130K, committed 50432K, reserved 1093632K
  class space    used 6531K, capacity 7077K, committed 7168K, reserved 1048576K
GC Heap History (10 events):
Event: 3.263 GC heap before
{Heap before GC invocations=7 (full 1):
 PSYoungGen      total 71680K, used 66554K [0x00000000d5e00000, 0x00000000df100000, 0x0000000100000000)
  eden space 66560K, 99% used [0x00000000d5e00000,0x00000000d9efeb48,0x00000000d9f00000)
  from space 5120K, 0% used [0x00000000d9f00000,0x00000000d9f00000,0x00000000da400000)
  to   space 8704K, 0% used [0x00000000de880000,0x00000000de880000,0x00000000df100000)
 ParOldGen       total 53760K, used 7140K [0x0000000081a00000, 0x0000000084e80000, 0x00000000d5e00000)
  object space 53760K, 13% used [0x0000000081a00000,0x00000000820f9070,0x0000000084e80000)
 Metaspace       used 22608K, capacity 24152K, committed 24320K, reserved 1071104K
  class space    used 2961K, capacity 3261K, committed 3328K, reserved 1048576K
Event: 3.269 GC heap after
Heap after GC invocations=7 (full 1):
 PSYoungGen      total 116736K, used 4262K [0x00000000d5e00000, 0x00000000ded00000, 0x0000000100000000)
  eden space 112128K, 0% used [0x00000000d5e00000,0x00000000d5e00000,0x00000000dcb80000)
  from space 4608K, 92% used [0x00000000de880000,0x00000000deca9810,0x00000000ded00000)
  to   space 8704K, 0% used [0x00000000ddc00000,0x00000000ddc00000,0x00000000de480000)
 ParOldGen       total 53760K, used 7140K [0x0000000081a00000, 0x0000000084e80000, 0x00000000d5e00000)
  object space 53760K, 13% used [0x0000000081a00000,0x00000000820f9070,0x0000000084e80000)
 Metaspace       used 22608K, capacity 24152K, committed 24320K, reserved 1071104K
  class space    used 2961K, capacity 3261K, committed 3328K, reserved 1048576K
}
Event: 4.485 GC heap before
{Heap before GC invocations=8 (full 1):
 PSYoungGen      total 116736K, used 116390K [0x00000000d5e00000, 0x00000000ded00000, 0x0000000100000000)
  eden space 112128K, 100% used [0x00000000d5e00000,0x00000000dcb80000,0x00000000dcb80000)
  from space 4608K, 92% used [0x00000000de880000,0x00000000deca9810,0x00000000ded00000)
  to   space 8704K, 0% used [0x00000000ddc00000,0x00000000ddc00000,0x00000000de480000)
 ParOldGen       total 53760K, used 7140K [0x0000000081a00000, 0x0000000084e80000, 0x00000000d5e00000)
  object space 53760K, 13% used [0x0000000081a00000,0x00000000820f9070,0x0000000084e80000)
 Metaspace       used 28859K, capacity 31102K, committed 31488K, reserved 1077248K
  class space    used 3833K, capacity 4256K, committed 4352K, reserved 1048576K
Event: 4.496 GC heap after
Heap after GC invocations=8 (full 1):
 PSYoungGen      total 137728K, used 8687K [0x00000000d5e00000, 0x00000000e2600000, 0x0000000100000000)
  eden space 129024K, 0% used [0x00000000d5e00000,0x00000000d5e00000,0x00000000ddc00000)
  from space 8704K, 99% used [0x00000000ddc00000,0x00000000de47bdc8,0x00000000de480000)
  to   space 10240K, 0% used [0x00000000e1c00000,0x00000000e1c00000,0x00000000e2600000)
 ParOldGen       total 53760K, used 7418K [0x0000000081a00000, 0x0000000084e80000, 0x00000000d5e00000)
  object space 53760K, 13% used [0x0000000081a00000,0x000000008213eb28,0x0000000084e80000)
 Metaspace       used 28859K, capacity 31102K, committed 31488K, reserved 1077248K
  class space    used 3833K, capacity 4256K, committed 4352K, reserved 1048576K
}
Event: 5.245 GC heap before
{Heap before GC invocations=9 (full 1):
 PSYoungGen      total 137728K, used 63678K [0x00000000d5e00000, 0x00000000e2600000, 0x0000000100000000)
  eden space 129024K, 42% used [0x00000000d5e00000,0x00000000d93b3c70,0x00000000ddc00000)
  from space 8704K, 99% used [0x00000000ddc00000,0x00000000de47bdc8,0x00000000de480000)
  to   space 10240K, 0% used [0x00000000e1c00000,0x00000000e1c00000,0x00000000e2600000)
 ParOldGen       total 53760K, used 7418K [0x0000000081a00000, 0x0000000084e80000, 0x00000000d5e00000)
  object space 53760K, 13% used [0x0000000081a00000,0x000000008213eb28,0x0000000084e80000)
 Metaspace       used 33115K, capacity 35384K, committed 35456K, reserved 1079296K
  class space    used 4580K, capacity 4987K, committed 4992K, reserved 1048576K
Event: 5.255 GC heap after
Heap after GC invocations=9 (full 1):
 PSYoungGen      total 194048K, used 8318K [0x00000000d5e00000, 0x00000000e3f80000, 0x0000000100000000)
  eden space 183808K, 0% used [0x00000000d5e00000,0x00000000d5e00000,0x00000000e1180000)
  from space 10240K, 81% used [0x00000000e1c00000,0x00000000e241fbd8,0x00000000e2600000)
  to   space 10752K, 0% used [0x00000000e1180000,0x00000000e1180000,0x00000000e1c00000)
 ParOldGen       total 53760K, used 7426K [0x0000000081a00000, 0x0000000084e80000, 0x00000000d5e00000)
  object space 53760K, 13% used [0x0000000081a00000,0x0000000082140b28,0x0000000084e80000)
 Metaspace       used 33115K, capacity 35384K, committed 35456K, reserved 1079296K
  class space    used 4580K, capacity 4987K, committed 4992K, reserved 1048576K
}
Event: 5.255 GC heap before
{Heap before GC invocations=10 (full 2):
 PSYoungGen      total 194048K, used 8318K [0x00000000d5e00000, 0x00000000e3f80000, 0x0000000100000000)
  eden space 183808K, 0% used [0x00000000d5e00000,0x00000000d5e00000,0x00000000e1180000)
  from space 10240K, 81% used [0x00000000e1c00000,0x00000000e241fbd8,0x00000000e2600000)
  to   space 10752K, 0% used [0x00000000e1180000,0x00000000e1180000,0x00000000e1c00000)
 ParOldGen       total 53760K, used 7426K [0x0000000081a00000, 0x0000000084e80000, 0x00000000d5e00000)
  object space 53760K, 13% used [0x0000000081a00000,0x0000000082140b28,0x0000000084e80000)
 Metaspace       used 33115K, capacity 35384K, committed 35456K, reserved 1079296K
  class space    used 4580K, capacity 4987K, committed 4992K, reserved 1048576K
Event: 5.322 GC heap after
Heap after GC invocations=10 (full 2):
 PSYoungGen      total 194048K, used 0K [0x00000000d5e00000, 0x00000000e3f80000, 0x0000000100000000)
  eden space 183808K, 0% used [0x00000000d5e00000,0x00000000d5e00000,0x00000000e1180000)
  from space 10240K, 0% used [0x00000000e1c00000,0x00000000e1c00000,0x00000000e2600000)
  to   space 10752K, 0% used [0x00000000e1180000,0x00000000e1180000,0x00000000e1c00000)
 ParOldGen       total 82432K, used 13043K [0x0000000081a00000, 0x0000000086a80000, 0x00000000d5e00000)
  object space 82432K, 15% used [0x0000000081a00000,0x00000000826bcf20,0x0000000086a80000)
 Metaspace       used 33115K, capacity 35384K, committed 35456K, reserved 1079296K
  class space    used 4580K, capacity 4987K, committed 4992K, reserved 1048576K
}
Event: 8.184 GC heap before
{Heap before GC invocations=11 (full 2):
 PSYoungGen      total 194048K, used 183808K [0x00000000d5e00000, 0x00000000e3f80000, 0x0000000100000000)
  eden space 183808K, 100% used [0x00000000d5e00000,0x00000000e1180000,0x00000000e1180000)
  from space 10240K, 0% used [0x00000000e1c00000,0x00000000e1c00000,0x00000000e2600000)
  to   space 10752K, 0% used [0x00000000e1180000,0x00000000e1180000,0x00000000e1c00000)
 ParOldGen       total 82432K, used 13043K [0x0000000081a00000, 0x0000000086a80000, 0x00000000d5e00000)
  object space 82432K, 15% used [0x0000000081a00000,0x00000000826bcf20,0x0000000086a80000)
 Metaspace       used 46497K, capacity 49030K, committed 49408K, reserved 1091584K
  class space    used 6405K, capacity 6897K, committed 6912K, reserved 1048576K
Event: 8.205 GC heap after
Heap after GC invocations=11 (full 2):
 PSYoungGen      total 194560K, used 10743K [0x00000000d5e00000, 0x00000000e3f80000, 0x0000000100000000)
  eden space 183808K, 0% used [0x00000000d5e00000,0x00000000d5e00000,0x00000000e1180000)
  from space 10752K, 99% used [0x00000000e1180000,0x00000000e1bfdf28,0x00000000e1c00000)
  to   space 10240K, 0% used [0x00000000e1c00000,0x00000000e1c00000,0x00000000e2600000)
 ParOldGen       total 82432K, used 18107K [0x0000000081a00000, 0x0000000086a80000, 0x00000000d5e00000)
  object space 82432K, 21% used [0x0000000081a00000,0x0000000082baed28,0x0000000086a80000)
 Metaspace       used 46497K, capacity 49030K, committed 49408K, reserved 1091584K
  class space    used 6405K, capacity 6897K, committed 6912K, reserved 1048576K
}

