# JRE version: Java(TM) SE Runtime Environment (8.0_271-b09) (build 1.8.0_271-b09)
# Java VM: Java HotSpot(TM) 64-Bit Server VM (25.271-b09 mixed mode windows-amd64 compressed oops)
Heap:
 PSYoungGen      total 192000K, used 17469K [0x00000000d5e00000, 0x00000000e3a80000, 0x0000000100000000)
  eden space 181248K, 3% used [0x00000000d5e00000,0x00000000d6492e78,0x00000000e0f00000)
  from space 10752K, 99% used [0x00000000e0f00000,0x00000000e197c730,0x00000000e1980000)
  to   space 10240K, 0% used [0x00000000e1980000,0x00000000e1980000,0x00000000e2380000)
 ParOldGen       total 82944K, used 18122K [0x0000000081a00000, 0x0000000086b00000, 0x00000000d5e00000)
  object space 82944K, 21% used [0x0000000081a00000,0x0000000082bb28a8,0x0000000086b00000)
 Metaspace       used 47030K, capacity 49852K, committed 50088K, reserved 1091584K
  class space    used 6513K, capacity 7034K, committed 7080K, reserved 1048576K
GC Heap History (10 events):
Event: 2.647 GC heap before
{Heap before GC invocations=7 (full 1):
 PSYoungGen      total 71680K, used 66530K [0x00000000d5e00000, 0x00000000df100000, 0x0000000100000000)
  eden space 66560K, 99% used [0x00000000d5e00000,0x00000000d9ef89e8,0x00000000d9f00000)
  from space 5120K, 0% used [0x00000000d9f00000,0x00000000d9f00000,0x00000000da400000)
  to   space 8704K, 0% used [0x00000000de880000,0x00000000de880000,0x00000000df100000)
 ParOldGen       total 53760K, used 6978K [0x0000000081a00000, 0x0000000084e80000, 0x00000000d5e00000)
  object space 53760K, 12% used [0x0000000081a00000,0x00000000820d0858,0x0000000084e80000)
 Metaspace       used 22381K, capacity 23928K, committed 24064K, reserved 1071104K
  class space    used 2922K, capacity 3245K, committed 3328K, reserved 1048576K
Event: 2.651 GC heap after
Heap after GC invocations=7 (full 1):
 PSYoungGen      total 115712K, used 4044K [0x00000000d5e00000, 0x00000000dec80000, 0x0000000100000000)
  eden space 111616K, 0% used [0x00000000d5e00000,0x00000000d5e00000,0x00000000dcb00000)
  from space 4096K, 98% used [0x00000000de880000,0x00000000dec730c0,0x00000000dec80000)
  to   space 8704K, 0% used [0x00000000ddb80000,0x00000000ddb80000,0x00000000de400000)
 ParOldGen       total 53760K, used 6978K [0x0000000081a00000, 0x0000000084e80000, 0x00000000d5e00000)
  object space 53760K, 12% used [0x0000000081a00000,0x00000000820d0858,0x0000000084e80000)
 Metaspace       used 22381K, capacity 23928K, committed 24064K, reserved 1071104K
  class space    used 2922K, capacity 3245K, committed 3328K, reserved 1048576K
}
Event: 3.707 GC heap before
{Heap before GC invocations=8 (full 1):
 PSYoungGen      total 115712K, used 115660K [0x00000000d5e00000, 0x00000000dec80000, 0x0000000100000000)
  eden space 111616K, 100% used [0x00000000d5e00000,0x00000000dcb00000,0x00000000dcb00000)
  from space 4096K, 98% used [0x00000000de880000,0x00000000dec730c0,0x00000000dec80000)
  to   space 8704K, 0% used [0x00000000ddb80000,0x00000000ddb80000,0x00000000de400000)
 ParOldGen       total 53760K, used 6978K [0x0000000081a00000, 0x0000000084e80000, 0x00000000d5e00000)
  object space 53760K, 12% used [0x0000000081a00000,0x00000000820d0858,0x0000000084e80000)
 Metaspace       used 28861K, capacity 31032K, committed 31232K, reserved 1077248K
  class space    used 3838K, capacity 4255K, committed 4352K, reserved 1048576K
Event: 3.717 GC heap after
Heap after GC invocations=8 (full 1):
 PSYoungGen      total 137216K, used 8683K [0x00000000d5e00000, 0x00000000e2380000, 0x0000000100000000)
  eden space 128512K, 0% used [0x00000000d5e00000,0x00000000d5e00000,0x00000000ddb80000)
  from space 8704K, 99% used [0x00000000ddb80000,0x00000000de3faf58,0x00000000de400000)
  to   space 10240K, 0% used [0x00000000e1980000,0x00000000e1980000,0x00000000e2380000)
 ParOldGen       total 53760K, used 7424K [0x0000000081a00000, 0x0000000084e80000, 0x00000000d5e00000)
  object space 53760K, 13% used [0x0000000081a00000,0x0000000082140080,0x0000000084e80000)
 Metaspace       used 28861K, capacity 31032K, committed 31232K, reserved 1077248K
  class space    used 3838K, capacity 4255K, committed 4352K, reserved 1048576K
}
Event: 4.647 GC heap before
{Heap before GC invocations=9 (full 1):
 PSYoungGen      total 137216K, used 63311K [0x00000000d5e00000, 0x00000000e2380000, 0x0000000100000000)
  eden space 128512K, 42% used [0x00000000d5e00000,0x00000000d9358d00,0x00000000ddb80000)
  from space 8704K, 99% used [0x00000000ddb80000,0x00000000de3faf58,0x00000000de400000)
  to   space 10240K, 0% used [0x00000000e1980000,0x00000000e1980000,0x00000000e2380000)
 ParOldGen       total 53760K, used 7424K [0x0000000081a00000, 0x0000000084e80000, 0x00000000d5e00000)
  object space 53760K, 13% used [0x0000000081a00000,0x0000000082140080,0x0000000084e80000)
 Metaspace       used 33172K, capacity 35410K, committed 35496K, reserved 1079296K
  class space    used 4593K, capacity 5018K, committed 5032K, reserved 1048576K
Event: 4.656 GC heap after
Heap after GC invocations=9 (full 1):
 PSYoungGen      total 191488K, used 8309K [0x00000000d5e00000, 0x00000000e3a80000, 0x0000000100000000)
  eden space 181248K, 0% used [0x00000000d5e00000,0x00000000d5e00000,0x00000000e0f00000)
  from space 10240K, 81% used [0x00000000e1980000,0x00000000e219d680,0x00000000e2380000)
  to   space 10752K, 0% used [0x00000000e0f00000,0x00000000e0f00000,0x00000000e1980000)
 ParOldGen       total 53760K, used 7432K [0x0000000081a00000, 0x0000000084e80000, 0x00000000d5e00000)
  object space 53760K, 13% used [0x0000000081a00000,0x0000000082142080,0x0000000084e80000)
 Metaspace       used 33172K, capacity 35410K, committed 35496K, reserved 1079296K
  class space    used 4593K, capacity 5018K, committed 5032K, reserved 1048576K
}
Event: 4.656 GC heap before
{Heap before GC invocations=10 (full 2):
 PSYoungGen      total 191488K, used 8309K [0x00000000d5e00000, 0x00000000e3a80000, 0x0000000100000000)
  eden space 181248K, 0% used [0x00000000d5e00000,0x00000000d5e00000,0x00000000e0f00000)
  from space 10240K, 81% used [0x00000000e1980000,0x00000000e219d680,0x00000000e2380000)
  to   space 10752K, 0% used [0x00000000e0f00000,0x00000000e0f00000,0x00000000e1980000)
 ParOldGen       total 53760K, used 7432K [0x0000000081a00000, 0x0000000084e80000, 0x00000000d5e00000)
  object space 53760K, 13% used [0x0000000081a00000,0x0000000082142080,0x0000000084e80000)
 Metaspace       used 33172K, capacity 35410K, committed 35496K, reserved 1079296K
  class space    used 4593K, capacity 5018K, committed 5032K, reserved 1048576K
Event: 4.722 GC heap after
Heap after GC invocations=10 (full 2):
 PSYoungGen      total 191488K, used 0K [0x00000000d5e00000, 0x00000000e3a80000, 0x0000000100000000)
  eden space 181248K, 0% used [0x00000000d5e00000,0x00000000d5e00000,0x00000000e0f00000)
  from space 10240K, 0% used [0x00000000e1980000,0x00000000e1980000,0x00000000e2380000)
  to   space 10752K, 0% used [0x00000000e0f00000,0x00000000e0f00000,0x00000000e1980000)
 ParOldGen       total 82944K, used 12982K [0x0000000081a00000, 0x0000000086b00000, 0x00000000d5e00000)
  object space 82944K, 15% used [0x0000000081a00000,0x00000000826ada30,0x0000000086b00000)
 Metaspace       used 33172K, capacity 35410K, committed 35496K, reserved 1079296K
  class space    used 4593K, capacity 5018K, committed 5032K, reserved 1048576K
}
Event: 7.377 GC heap before
{Heap before GC invocations=11 (full 2):
 PSYoungGen      total 191488K, used 181248K [0x00000000d5e00000, 0x00000000e3a80000, 0x0000000100000000)
  eden space 181248K, 100% used [0x00000000d5e00000,0x00000000e0f00000,0x00000000e0f00000)
  from space 10240K, 0% used [0x00000000e1980000,0x00000000e1980000,0x00000000e2380000)
  to   space 10752K, 0% used [0x00000000e0f00000,0x00000000e0f00000,0x00000000e1980000)
 ParOldGen       total 82944K, used 12982K [0x0000000081a00000, 0x0000000086b00000, 0x00000000d5e00000)
  object space 82944K, 15% used [0x0000000081a00000,0x00000000826ada30,0x0000000086b00000)
 Metaspace       used 46679K, capacity 49436K, committed 49576K, reserved 1091584K
  class space    used 6455K, capacity 6964K, committed 7080K, reserved 1048576K
Event: 7.395 GC heap after
Heap after GC invocations=11 (full 2):
 PSYoungGen      total 192000K, used 10737K [0x00000000d5e00000, 0x00000000e3a80000, 0x0000000100000000)
  eden space 181248K, 0% used [0x00000000d5e00000,0x00000000d5e00000,0x00000000e0f00000)
  from space 10752K, 99% used [0x00000000e0f00000,0x00000000e197c730,0x00000000e1980000)
  to   space 10240K, 0% used [0x00000000e1980000,0x00000000e1980000,0x00000000e2380000)
 ParOldGen       total 82944K, used 18122K [0x0000000081a00000, 0x0000000086b00000, 0x00000000d5e00000)
  object space 82944K, 21% used [0x0000000081a00000,0x0000000082bb28a8,0x0000000086b00000)
 Metaspace       used 46679K, capacity 49436K, committed 49576K, reserved 1091584K
  class space    used 6455K, capacity 6964K, committed 7080K, reserved 1048576K
}

